Determining if the pthread_create exist failed with the following output:
Change Dir: /home/mavro/Finder/catkin_et/build/CMakeFiles/CMakeTmp

Run Build Command:/usr/bin/make "cmTryCompileExec1478486723/fast"
/usr/bin/make -f CMakeFiles/cmTryCompileExec1478486723.dir/build.make CMakeFiles/cmTryCompileExec1478486723.dir/build
make[1]: Entering directory `/home/mavro/Finder/catkin_et/build/CMakeFiles/CMakeTmp'
/usr/bin/cmake -E cmake_progress_report /home/mavro/Finder/catkin_et/build/CMakeFiles/CMakeTmp/CMakeFiles 1
Building C object CMakeFiles/cmTryCompileExec1478486723.dir/CheckSymbolExists.c.o
/usr/bin/cc    -o CMakeFiles/cmTryCompileExec1478486723.dir/CheckSymbolExists.c.o   -c /home/mavro/Finder/catkin_et/build/CMakeFiles/CMakeTmp/CheckSymbolExists.c
Linking C executable cmTryCompileExec1478486723
/usr/bin/cmake -E cmake_link_script CMakeFiles/cmTryCompileExec1478486723.dir/link.txt --verbose=1
/usr/bin/cc       CMakeFiles/cmTryCompileExec1478486723.dir/CheckSymbolExists.c.o  -o cmTryCompileExec1478486723 -rdynamic 
CMakeFiles/cmTryCompileExec1478486723.dir/CheckSymbolExists.c.o: In function `main':
CheckSymbolExists.c:(.text+0x16): undefined reference to `pthread_create'
collect2: error: ld returned 1 exit status
make[1]: *** [cmTryCompileExec1478486723] Error 1
make[1]: Leaving directory `/home/mavro/Finder/catkin_et/build/CMakeFiles/CMakeTmp'
make: *** [cmTryCompileExec1478486723/fast] Error 2

File /home/mavro/Finder/catkin_et/build/CMakeFiles/CMakeTmp/CheckSymbolExists.c:
/* */
#include <pthread.h>

int main(int argc, char** argv)
{
  (void)argv;
#ifndef pthread_create
  return ((int*)(&pthread_create))[argc];
#else
  (void)argc;
  return 0;
#endif
}

Determining if the function pthread_create exists in the pthreads failed with the following output:
Change Dir: /home/mavro/Finder/catkin_et/build/CMakeFiles/CMakeTmp

Run Build Command:/usr/bin/make "cmTryCompileExec2084319522/fast"
/usr/bin/make -f CMakeFiles/cmTryCompileExec2084319522.dir/build.make CMakeFiles/cmTryCompileExec2084319522.dir/build
make[1]: Entering directory `/home/mavro/Finder/catkin_et/build/CMakeFiles/CMakeTmp'
/usr/bin/cmake -E cmake_progress_report /home/mavro/Finder/catkin_et/build/CMakeFiles/CMakeTmp/CMakeFiles 1
Building C object CMakeFiles/cmTryCompileExec2084319522.dir/CheckFunctionExists.c.o
/usr/bin/cc   -DCHECK_FUNCTION_EXISTS=pthread_create   -o CMakeFiles/cmTryCompileExec2084319522.dir/CheckFunctionExists.c.o   -c /usr/share/cmake-2.8/Modules/CheckFunctionExists.c
Linking C executable cmTryCompileExec2084319522
/usr/bin/cmake -E cmake_link_script CMakeFiles/cmTryCompileExec2084319522.dir/link.txt --verbose=1
/usr/bin/cc   -DCHECK_FUNCTION_EXISTS=pthread_create    CMakeFiles/cmTryCompileExec2084319522.dir/CheckFunctionExists.c.o  -o cmTryCompileExec2084319522 -rdynamic -lpthreads 
/usr/bin/ld: cannot find -lpthreads
collect2: error: ld returned 1 exit status
make[1]: *** [cmTryCompileExec2084319522] Error 1
make[1]: Leaving directory `/home/mavro/Finder/catkin_et/build/CMakeFiles/CMakeTmp'
make: *** [cmTryCompileExec2084319522/fast] Error 2


Determining if the pthread_create exist failed with the following output:
Change Dir: /home/mavro/Finder/Finder/catkin_et/build/CMakeFiles/CMakeTmp

Run Build Command:/usr/bin/make "cmTryCompileExec612398414/fast"
make[1]: Entering directory `/home/mavro/Finder/Finder/catkin_et/build/CMakeFiles/CMakeTmp'
/usr/bin/make -f CMakeFiles/cmTryCompileExec612398414.dir/build.make CMakeFiles/cmTryCompileExec612398414.dir/build
make[2]: Entering directory `/home/mavro/Finder/Finder/catkin_et/build/CMakeFiles/CMakeTmp'
/usr/bin/cmake -E cmake_progress_report /home/mavro/Finder/Finder/catkin_et/build/CMakeFiles/CMakeTmp/CMakeFiles 1
Building C object CMakeFiles/cmTryCompileExec612398414.dir/CheckSymbolExists.c.o
/usr/bin/cc    -o CMakeFiles/cmTryCompileExec612398414.dir/CheckSymbolExists.c.o   -c /home/mavro/Finder/Finder/catkin_et/build/CMakeFiles/CMakeTmp/CheckSymbolExists.c
Linking C executable cmTryCompileExec612398414
/usr/bin/cmake -E cmake_link_script CMakeFiles/cmTryCompileExec612398414.dir/link.txt --verbose=1
/usr/bin/cc       CMakeFiles/cmTryCompileExec612398414.dir/CheckSymbolExists.c.o  -o cmTryCompileExec612398414 -rdynamic 
CMakeFiles/cmTryCompileExec612398414.dir/CheckSymbolExists.c.o: In function `main':
CheckSymbolExists.c:(.text+0x16): undefined reference to `pthread_create'
collect2: error: ld returned 1 exit status
make[2]: Leaving directory `/home/mavro/Finder/Finder/catkin_et/build/CMakeFiles/CMakeTmp'
make[2]: *** [cmTryCompileExec612398414] Error 1
make[1]: Leaving directory `/home/mavro/Finder/Finder/catkin_et/build/CMakeFiles/CMakeTmp'
make[1]: *** [cmTryCompileExec612398414/fast] Error 2

File /home/mavro/Finder/Finder/catkin_et/build/CMakeFiles/CMakeTmp/CheckSymbolExists.c:
/* */
#include <pthread.h>

int main(int argc, char** argv)
{
  (void)argv;
#ifndef pthread_create
  return ((int*)(&pthread_create))[argc];
#else
  (void)argc;
  return 0;
#endif
}

Determining if the function pthread_create exists in the pthreads failed with the following output:
Change Dir: /home/mavro/Finder/Finder/catkin_et/build/CMakeFiles/CMakeTmp

Run Build Command:/usr/bin/make "cmTryCompileExec3463998492/fast"
make[1]: Entering directory `/home/mavro/Finder/Finder/catkin_et/build/CMakeFiles/CMakeTmp'
/usr/bin/make -f CMakeFiles/cmTryCompileExec3463998492.dir/build.make CMakeFiles/cmTryCompileExec3463998492.dir/build
make[2]: Entering directory `/home/mavro/Finder/Finder/catkin_et/build/CMakeFiles/CMakeTmp'
/usr/bin/cmake -E cmake_progress_report /home/mavro/Finder/Finder/catkin_et/build/CMakeFiles/CMakeTmp/CMakeFiles 1
Building C object CMakeFiles/cmTryCompileExec3463998492.dir/CheckFunctionExists.c.o
/usr/bin/cc   -DCHECK_FUNCTION_EXISTS=pthread_create   -o CMakeFiles/cmTryCompileExec3463998492.dir/CheckFunctionExists.c.o   -c /usr/share/cmake-2.8/Modules/CheckFunctionExists.c
Linking C executable cmTryCompileExec3463998492
/usr/bin/cmake -E cmake_link_script CMakeFiles/cmTryCompileExec3463998492.dir/link.txt --verbose=1
/usr/bin/cc   -DCHECK_FUNCTION_EXISTS=pthread_create    CMakeFiles/cmTryCompileExec3463998492.dir/CheckFunctionExists.c.o  -o cmTryCompileExec3463998492 -rdynamic -lpthreads 
/usr/bin/ld: cannot find -lpthreads
collect2: error: ld returned 1 exit status
make[2]: *** [cmTryCompileExec3463998492] Error 1
make[2]: Leaving directory `/home/mavro/Finder/Finder/catkin_et/build/CMakeFiles/CMakeTmp'
make[1]: Leaving directory `/home/mavro/Finder/Finder/catkin_et/build/CMakeFiles/CMakeTmp'
make[1]: *** [cmTryCompileExec3463998492/fast] Error 2


